Using pre-set license
Built from '2020.3/staging' branch; Version is '2020.3.29f1 (2ff179115da0) revision 3142009'; Using compiler version '192528614'; Build Type 'Release'
OS: 'Windows 11  (10.0.22000) 64bit Professional' Language: 'en' Physical Memory: 32693 MB
BatchMode: 1, IsHumanControllingUs: 0, StartBugReporterOnCrash: 0, Is64bit: 1, IsPro: 0

COMMAND LINE ARGUMENTS:
C:\Program Files\Unity\Hub\Editor\2020.3.29f1\Editor\Unity.exe
-adb2
-batchMode
-noUpm
-name
AssetImportWorker0
-projectPath
C:/Users/Peyton/Documents/Projects/school/holbertonschool-unity/My project (1)
-logFile
Logs/AssetImportWorker0.log
-srvPort
54992
Successfully changed project path to: C:/Users/Peyton/Documents/Projects/school/holbertonschool-unity/My project (1)
C:/Users/Peyton/Documents/Projects/school/holbertonschool-unity/My project (1)
Using Asset Import Pipeline V2.
Refreshing native plugins compatible for Editor in 37.28 ms, found 2 plugins.
Preloading 0 native plugins for Editor in 0.00 ms.
Initialize engine version: 2020.3.29f1 (2ff179115da0)
[Subsystems] Discovering subsystems at path C:/Program Files/Unity/Hub/Editor/2020.3.29f1/Editor/Data/Resources/UnitySubsystems
[Subsystems] Discovering subsystems at path C:/Users/Peyton/Documents/Projects/school/holbertonschool-unity/My project (1)/Assets
GfxDevice: creating device client; threaded=0
Direct3D:
    Version:  Direct3D 11.0 [level 11.1]
    Renderer: NVIDIA GeForce RTX 3080 (ID=0x2206)
    Vendor:   
    VRAM:     10078 MB
    Driver:   30.0.15.1179
Initialize mono
Mono path[0] = 'C:/Program Files/Unity/Hub/Editor/2020.3.29f1/Editor/Data/Managed'
Mono path[1] = 'C:/Program Files/Unity/Hub/Editor/2020.3.29f1/Editor/Data/MonoBleedingEdge/lib/mono/unityjit'
Mono config path = 'C:/Program Files/Unity/Hub/Editor/2020.3.29f1/Editor/Data/MonoBleedingEdge/etc'
Using monoOptions --debugger-agent=transport=dt_socket,embedding=1,server=y,suspend=n,address=127.0.0.1:56092
Begin MonoManager ReloadAssembly
Registering precompiled unity dll's ...
Register platform support module: C:/Program Files/Unity/Hub/Editor/2020.3.29f1/Editor/Data/PlaybackEngines/WebGLSupport/UnityEditor.WebGL.Extensions.dll
Register platform support module: C:/Program Files/Unity/Hub/Editor/2020.3.29f1/Editor/Data/PlaybackEngines/WindowsStandaloneSupport/UnityEditor.WindowsStandalone.Extensions.dll
Registered in 0.001223 seconds.
Native extension for WindowsStandalone target not found
Native extension for WebGL target not found
Refreshing native plugins compatible for Editor in 38.92 ms, found 2 plugins.
Preloading 0 native plugins for Editor in 0.00 ms.
Mono: successfully reloaded assembly
- Completed reload, in  0.386 seconds
Domain Reload Profiling:
	ReloadAssembly (386ms)
		BeginReloadAssembly (38ms)
			ExecutionOrderSort (0ms)
			DisableScriptedObjects (0ms)
			BackupInstance (0ms)
			ReleaseScriptingObjects (0ms)
			CreateAndSetChildDomain (1ms)
		EndReloadAssembly (303ms)
			LoadAssemblies (37ms)
			RebuildTransferFunctionScriptingTraits (0ms)
			SetupTypeCache (87ms)
			ReleaseScriptCaches (0ms)
			RebuildScriptCaches (17ms)
			SetupLoadedEditorAssemblies (131ms)
				LogAssemblyErrors (0ms)
				InitializePlatformSupportModulesInManaged (3ms)
				SetLoadedEditorAssemblies (0ms)
				RefreshPlugins (39ms)
				BeforeProcessingInitializeOnLoad (10ms)
				ProcessInitializeOnLoadAttributes (58ms)
				ProcessInitializeOnLoadMethodAttributes (19ms)
				AfterProcessingInitializeOnLoad (0ms)
				EditorAssembliesLoaded (0ms)
			ExecutionOrderSort2 (0ms)
			AwakeInstancesAfterBackupRestoration (0ms)
Platform modules already initialized, skipping
Registering precompiled user dll's ...
Registered in 0.002032 seconds.
Begin MonoManager ReloadAssembly
Native extension for WindowsStandalone target not found
Native extension for WebGL target not found
Refreshing native plugins compatible for Editor in 0.60 ms, found 2 plugins.
Preloading 0 native plugins for Editor in 0.00 ms.
Mono: successfully reloaded assembly
- Completed reload, in  0.601 seconds
Domain Reload Profiling:
	ReloadAssembly (601ms)
		BeginReloadAssembly (89ms)
			ExecutionOrderSort (0ms)
			DisableScriptedObjects (3ms)
			BackupInstance (0ms)
			ReleaseScriptingObjects (0ms)
			CreateAndSetChildDomain (14ms)
		EndReloadAssembly (476ms)
			LoadAssemblies (55ms)
			RebuildTransferFunctionScriptingTraits (0ms)
			SetupTypeCache (152ms)
			ReleaseScriptCaches (0ms)
			RebuildScriptCaches (24ms)
			SetupLoadedEditorAssemblies (192ms)
				LogAssemblyErrors (0ms)
				InitializePlatformSupportModulesInManaged (4ms)
				SetLoadedEditorAssemblies (0ms)
				RefreshPlugins (1ms)
				BeforeProcessingInitializeOnLoad (51ms)
				ProcessInitializeOnLoadAttributes (126ms)
				ProcessInitializeOnLoadMethodAttributes (6ms)
				AfterProcessingInitializeOnLoad (5ms)
				EditorAssembliesLoaded (0ms)
			ExecutionOrderSort2 (0ms)
			AwakeInstancesAfterBackupRestoration (4ms)
Platform modules already initialized, skipping
========================================================================
Worker process is ready to serve import requests
Launched and connected shader compiler UnityShaderCompiler.exe after 0.04 seconds
Refreshing native plugins compatible for Editor in 0.67 ms, found 2 plugins.
Preloading 0 native plugins for Editor in 0.00 ms.
Unloading 1509 Unused Serialized files (Serialized files now loaded: 0)
System memory in use before: 75.6 MB.
System memory in use after: 75.7 MB.

Unloading 16 unused Assets to reduce memory usage. Loaded Objects now: 1945.
Total: 2.786200 ms (FindLiveObjects: 0.271600 ms CreateObjectMapping: 0.044600 ms MarkObjects: 2.399600 ms  DeleteObjects: 0.069300 ms)

AssetImportParameters requested are different than current active one (requested -> active):
  custom:framework-win-MediaFoundation: 216162199b28c13a410421893ffa2e32 -> 
  custom:video-decoder-ogg-theora: a1e56fd34408186e4bbccfd4996cb3dc -> 
  custom:container-muxer-webm: aa71ff27fc2769a1b78a27578f13a17b -> 
  custom:container-demuxer-webm: 4f35f7cbe854078d1ac9338744f61a02 -> 
  custom:container-demuxer-ogg: 62fdf1f143b41e24485cea50d1cbac27 -> 
  custom:video-encoder-webm-vp8: eb34c28f22e8b96e1ab97ce403110664 -> 
  custom:video-decoder-webm-vp8: 9c59270c3fd7afecdb556c50c9e8de78 -> 
  custom:audio-decoder-ogg-vorbis: bf7c407c2cedff20999df2af8eb42d56 -> 
  custom:audio-encoder-webm-vorbis: bf7c407c2cedff20999df2af8eb42d56 -> 
========================================================================
Received Import Request.
  path: Assets/PolygonDungeon
  artifactKey: Guid(1c3a9d2c209f23f4aacfcb6b8cf01cb4) Importer(815301076,1909f56bfc062723c751e8b465ee728b)
Start importing Assets/PolygonDungeon using Guid(1c3a9d2c209f23f4aacfcb6b8cf01cb4) Importer(815301076,1909f56bfc062723c751e8b465ee728b)  -> (artifact id: '19ef20c5c12f21b2edb8963ed386e6ac') in 0.011795 seconds 
  Import took 0.014758 seconds .

========================================================================
Received Import Request.
  Time since last request: 0.664065 seconds.
  path: Assets/PolygonDungeon/Scenes
  artifactKey: Guid(b5b15877824d7584b86a54a5623854b4) Importer(815301076,1909f56bfc062723c751e8b465ee728b)
Start importing Assets/PolygonDungeon/Scenes using Guid(b5b15877824d7584b86a54a5623854b4) Importer(815301076,1909f56bfc062723c751e8b465ee728b)  -> (artifact id: '197e423e883e10ce7fde4c9f7c8aef2c') in 0.006281 seconds 
  Import took 0.008626 seconds .

========================================================================
Received Import Request.
  Time since last request: 1.033404 seconds.
  path: Assets/PolygonDungeon/Scenes/Overview.unity
  artifactKey: Guid(af9a4cb92e9f73243b46e64789af715a) Importer(815301076,1909f56bfc062723c751e8b465ee728b)
Start importing Assets/PolygonDungeon/Scenes/Overview.unity using Guid(af9a4cb92e9f73243b46e64789af715a) Importer(815301076,1909f56bfc062723c751e8b465ee728b)  -> (artifact id: '372875e385fa3849b72aa683b52aa6a4') in 0.011233 seconds 
  Import took 0.013441 seconds .

========================================================================
Received Prepare
Registering precompiled user dll's ...
Registered in 0.019631 seconds.
Begin MonoManager ReloadAssembly
Native extension for WindowsStandalone target not found
Native extension for WebGL target not found
Refreshing native plugins compatible for Editor in 50.29 ms, found 2 plugins.
Preloading 0 native plugins for Editor in 0.00 ms.
Mono: successfully reloaded assembly
- Completed reload, in  0.684 seconds
Domain Reload Profiling:
	ReloadAssembly (684ms)
		BeginReloadAssembly (79ms)
			ExecutionOrderSort (0ms)
			DisableScriptedObjects (3ms)
			BackupInstance (0ms)
			ReleaseScriptingObjects (0ms)
			CreateAndSetChildDomain (26ms)
		EndReloadAssembly (568ms)
			LoadAssemblies (59ms)
			RebuildTransferFunctionScriptingTraits (0ms)
			SetupTypeCache (182ms)
			ReleaseScriptCaches (1ms)
			RebuildScriptCaches (21ms)
			SetupLoadedEditorAssemblies (231ms)
				LogAssemblyErrors (0ms)
				InitializePlatformSupportModulesInManaged (3ms)
				SetLoadedEditorAssemblies (0ms)
				RefreshPlugins (50ms)
				BeforeProcessingInitializeOnLoad (45ms)
				ProcessInitializeOnLoadAttributes (121ms)
				ProcessInitializeOnLoadMethodAttributes (5ms)
				AfterProcessingInitializeOnLoad (6ms)
				EditorAssembliesLoaded (0ms)
			ExecutionOrderSort2 (0ms)
			AwakeInstancesAfterBackupRestoration (5ms)
Platform modules already initialized, skipping
Shader 'Universal Render Pipeline/Nature/SpeedTree7': dependency 'BillboardShader' shader 'Universal Render Pipeline/Nature/SpeedTree7 Billboard' not found
Shader 'Universal Render Pipeline/Baked Lit': fallback shader 'Universal Render Pipeline/Unlit' not found
Shader 'Universal Render Pipeline/Simple Lit': fallback shader 'Hidden/Universal Render Pipeline/FallbackError' not found
Shader 'Universal Render Pipeline/Terrain/Lit': fallback shader 'Hidden/Universal Render Pipeline/FallbackError' not found
Shader 'Universal Render Pipeline/Terrain/Lit': dependency 'AddPassShader' shader 'Hidden/Universal Render Pipeline/Terrain/Lit (Add Pass)' not found
Shader 'Universal Render Pipeline/Terrain/Lit': dependency 'BaseMapShader' shader 'Hidden/Universal Render Pipeline/Terrain/Lit (Base Pass)' not found
Shader 'Universal Render Pipeline/Terrain/Lit': dependency 'BaseMapGenShader' shader 'Hidden/Universal Render Pipeline/Terrain/Lit (Basemap Gen)' not found
Shader 'Hidden/Universal Render Pipeline/Terrain/Lit (Add Pass)': fallback shader 'Hidden/Universal Render Pipeline/FallbackError' not found
Shader 'Hidden/Universal Render Pipeline/Terrain/Lit (Base Pass)': fallback shader 'Hidden/Universal Render Pipeline/FallbackError' not found
Refreshing native plugins compatible for Editor in 0.71 ms, found 2 plugins.
Preloading 0 native plugins for Editor in 0.00 ms.
Unloading 2753 Unused Serialized files (Serialized files now loaded: 0)
System memory in use before: 125.6 MB.
System memory in use after: 121.3 MB.

Unloading 68 unused Assets to reduce memory usage. Loaded Objects now: 3147.
Total: 4.038700 ms (FindLiveObjects: 0.206800 ms CreateObjectMapping: 0.099100 ms MarkObjects: 2.335000 ms  DeleteObjects: 1.397200 ms)

AssetImportParameters requested are different than current active one (requested -> active):
  custom:framework-win-MediaFoundation: 216162199b28c13a410421893ffa2e32 -> 
  custom:video-decoder-ogg-theora: a1e56fd34408186e4bbccfd4996cb3dc -> 
  custom:container-muxer-webm: aa71ff27fc2769a1b78a27578f13a17b -> 
  custom:container-demuxer-webm: 4f35f7cbe854078d1ac9338744f61a02 -> 
  custom:container-demuxer-ogg: 62fdf1f143b41e24485cea50d1cbac27 -> 
  custom:video-encoder-webm-vp8: eb34c28f22e8b96e1ab97ce403110664 -> 
  custom:video-decoder-webm-vp8: 9c59270c3fd7afecdb556c50c9e8de78 -> 
  custom:audio-decoder-ogg-vorbis: bf7c407c2cedff20999df2af8eb42d56 -> 
  custom:audio-encoder-webm-vorbis: bf7c407c2cedff20999df2af8eb42d56 -> 
========================================================================
Received Prepare
Switching render pipeline 00000000000000000000000000000000 -> 23cf53d3aba626d4ab141a330b8f9a63
Refreshing native plugins compatible for Editor in 3.01 ms, found 2 plugins.
Preloading 0 native plugins for Editor in 0.00 ms.
Unloading 114 Unused Serialized files (Serialized files now loaded: 0)
System memory in use before: 76.5 MB.
System memory in use after: 73.4 MB.

Unloading 46 unused Assets to reduce memory usage. Loaded Objects now: 3215.
Total: 4.156800 ms (FindLiveObjects: 0.249600 ms CreateObjectMapping: 0.079800 ms MarkObjects: 2.524800 ms  DeleteObjects: 1.302100 ms)

AssetImportParameters requested are different than current active one (requested -> active):
  custom:framework-win-MediaFoundation: 216162199b28c13a410421893ffa2e32 -> 
  custom:video-decoder-ogg-theora: a1e56fd34408186e4bbccfd4996cb3dc -> 
  custom:container-muxer-webm: aa71ff27fc2769a1b78a27578f13a17b -> 
  custom:container-demuxer-webm: 4f35f7cbe854078d1ac9338744f61a02 -> 
  custom:container-demuxer-ogg: 62fdf1f143b41e24485cea50d1cbac27 -> 
  custom:video-encoder-webm-vp8: eb34c28f22e8b96e1ab97ce403110664 -> 
  custom:video-decoder-webm-vp8: 9c59270c3fd7afecdb556c50c9e8de78 -> 
  custom:audio-decoder-ogg-vorbis: bf7c407c2cedff20999df2af8eb42d56 -> 
  custom:audio-encoder-webm-vorbis: bf7c407c2cedff20999df2af8eb42d56 -> 
========================================================================
Received Import Request.
  Time since last request: 4484.962444 seconds.
  path: Assets/PolygonMini_Fantasy
  artifactKey: Guid(c562fd4d138f9f8409ff358b0875efba) Importer(815301076,1909f56bfc062723c751e8b465ee728b)
Start importing Assets/PolygonMini_Fantasy using Guid(c562fd4d138f9f8409ff358b0875efba) Importer(815301076,1909f56bfc062723c751e8b465ee728b)  -> (artifact id: '61ff39567e6772ee11f154e28796b1c7') in 0.009184 seconds 
  Import took 0.017387 seconds .

========================================================================
Received Import Request.
  Time since last request: 1.583082 seconds.
  path: Assets/PolygonMini_Fantasy/Demo
  artifactKey: Guid(19f749ba1931d384eb4b015d7839ddc0) Importer(815301076,1909f56bfc062723c751e8b465ee728b)
Start importing Assets/PolygonMini_Fantasy/Demo using Guid(19f749ba1931d384eb4b015d7839ddc0) Importer(815301076,1909f56bfc062723c751e8b465ee728b)  -> (artifact id: 'fbc567ac9632dc3001d9d67498d4f20d') in 0.006742 seconds 
  Import took 0.010415 seconds .

========================================================================
Received Import Request.
  Time since last request: 4.605380 seconds.
  path: Assets/PolygonMini_Fantasy/Demo/Demo_Cube_Example.unity
  artifactKey: Guid(4814019ee10e3024ca8bb757dbc9e5f8) Importer(815301076,1909f56bfc062723c751e8b465ee728b)
Start importing Assets/PolygonMini_Fantasy/Demo/Demo_Cube_Example.unity using Guid(4814019ee10e3024ca8bb757dbc9e5f8) Importer(815301076,1909f56bfc062723c751e8b465ee728b)  -> (artifact id: '7653730bcdc819342ca0c65df062aa86') in 0.020028 seconds 
  Import took 0.023582 seconds .

========================================================================
Received Import Request.
  Time since last request: 40.540484 seconds.
  path: Assets/PolygonFantasyCharacters
  artifactKey: Guid(29950d2a678f8544388d930d77cf39c4) Importer(815301076,1909f56bfc062723c751e8b465ee728b)
Start importing Assets/PolygonFantasyCharacters using Guid(29950d2a678f8544388d930d77cf39c4) Importer(815301076,1909f56bfc062723c751e8b465ee728b)  -> (artifact id: '8041c391b284389fc9b3a7628cddbf95') in 0.009608 seconds 
  Import took 0.013245 seconds .

========================================================================
Received Import Request.
  Time since last request: 1.296075 seconds.
  path: Assets/PolygonFantasyCharacters/Demo
  artifactKey: Guid(6c16b90c4374fa84fbe378e72ab20bca) Importer(815301076,1909f56bfc062723c751e8b465ee728b)
Start importing Assets/PolygonFantasyCharacters/Demo using Guid(6c16b90c4374fa84fbe378e72ab20bca) Importer(815301076,1909f56bfc062723c751e8b465ee728b)  -> (artifact id: '1d34e8a971abf5989c8e2edb996b23b8') in 0.003125 seconds 
  Import took 0.006852 seconds .

========================================================================
Received Import Request.
  Time since last request: 0.828525 seconds.
  path: Assets/PolygonFantasyCharacters/Demo/character_demo.unity
  artifactKey: Guid(2f074b19f1b4cbf46944b77283d76dbb) Importer(815301076,1909f56bfc062723c751e8b465ee728b)
Start importing Assets/PolygonFantasyCharacters/Demo/character_demo.unity using Guid(2f074b19f1b4cbf46944b77283d76dbb) Importer(815301076,1909f56bfc062723c751e8b465ee728b)  -> (artifact id: '8d02e4197f7e31ceaeea0e24062c25a1') in 0.008115 seconds 
  Import took 0.012145 seconds .

========================================================================
Received Import Request.
  Time since last request: 3.359280 seconds.
  path: Assets/PolygonFantasyCharacters/Prefabs
  artifactKey: Guid(93c74715787f3e748b35b453d359532a) Importer(815301076,1909f56bfc062723c751e8b465ee728b)
Start importing Assets/PolygonFantasyCharacters/Prefabs using Guid(93c74715787f3e748b35b453d359532a) Importer(815301076,1909f56bfc062723c751e8b465ee728b)  -> (artifact id: '3518b3b663c4d5472dd8970daea19269') in 0.006297 seconds 
  Import took 0.010007 seconds .

========================================================================
Received Import Request.
  Time since last request: 8.347997 seconds.
  path: Assets/PolygonFantasyRivals
  artifactKey: Guid(bb29a7fe48f147c44a5f31aa85c12135) Importer(815301076,1909f56bfc062723c751e8b465ee728b)
Start importing Assets/PolygonFantasyRivals using Guid(bb29a7fe48f147c44a5f31aa85c12135) Importer(815301076,1909f56bfc062723c751e8b465ee728b)  -> (artifact id: 'b074d0e723a00a4e95fc0e1a8a9ceade') in 0.006050 seconds 
  Import took 0.009632 seconds .

========================================================================
Received Import Request.
  Time since last request: 1.212597 seconds.
  path: Assets/PolygonFantasyRivals/_Demo
  artifactKey: Guid(f76f1b5d9e7ece24bb8021236142ce9c) Importer(815301076,1909f56bfc062723c751e8b465ee728b)
Start importing Assets/PolygonFantasyRivals/_Demo using Guid(f76f1b5d9e7ece24bb8021236142ce9c) Importer(815301076,1909f56bfc062723c751e8b465ee728b)  -> (artifact id: '96dbad0539555472d542c61e9c0d932c') in 0.006236 seconds 
  Import took 0.009981 seconds .

========================================================================
Received Import Request.
  Time since last request: 0.608629 seconds.
  path: Assets/PolygonFantasyRivals/_Demo/Demo.unity
  artifactKey: Guid(5c54e744cf36d2c4c90b0474ea319a72) Importer(815301076,1909f56bfc062723c751e8b465ee728b)
Start importing Assets/PolygonFantasyRivals/_Demo/Demo.unity using Guid(5c54e744cf36d2c4c90b0474ea319a72) Importer(815301076,1909f56bfc062723c751e8b465ee728b)  -> (artifact id: 'a4f4dc612c872d7cf9b78e83a728094d') in 0.006504 seconds 
  Import took 0.010485 seconds .

========================================================================
Received Import Request.
  Time since last request: 31.666603 seconds.
  path: Assets/Scenes
  artifactKey: Guid(4d6fee3d781bb9d4fb4504e8e8b7d05d) Importer(815301076,1909f56bfc062723c751e8b465ee728b)
Start importing Assets/Scenes using Guid(4d6fee3d781bb9d4fb4504e8e8b7d05d) Importer(815301076,1909f56bfc062723c751e8b465ee728b)  -> (artifact id: '97cac546f12f9b033843c916b95b6756') in 0.005932 seconds 
  Import took 0.009874 seconds .

========================================================================
Received Import Request.
  Time since last request: 4.242341 seconds.
  path: Assets/PolygonMiniFantasyCharacters
  artifactKey: Guid(33e737bff166d504c9a1c197d913a53b) Importer(815301076,1909f56bfc062723c751e8b465ee728b)
Start importing Assets/PolygonMiniFantasyCharacters using Guid(33e737bff166d504c9a1c197d913a53b) Importer(815301076,1909f56bfc062723c751e8b465ee728b)  -> (artifact id: 'd2869646d1de44760cd9e7c595b112de') in 0.006215 seconds 
  Import took 0.009945 seconds .

========================================================================
Received Import Request.
  Time since last request: 1.567852 seconds.
  path: Assets/PolygonMiniFantasyCharacters/Prefabs
  artifactKey: Guid(03362ef7574530d46964b9c1a43adb43) Importer(815301076,1909f56bfc062723c751e8b465ee728b)
Start importing Assets/PolygonMiniFantasyCharacters/Prefabs using Guid(03362ef7574530d46964b9c1a43adb43) Importer(815301076,1909f56bfc062723c751e8b465ee728b)  -> (artifact id: '5a8aa9f8a2d861184405b48ebb3e91b8') in 0.002485 seconds 
  Import took 0.006147 seconds .

========================================================================
Received Import Request.
  Time since last request: 0.337151 seconds.
  path: Assets/PolygonMiniFantasyCharacters/Scenes
  artifactKey: Guid(cc79915e77b4a9a43986d48a32c1a7fd) Importer(815301076,1909f56bfc062723c751e8b465ee728b)
Start importing Assets/PolygonMiniFantasyCharacters/Scenes using Guid(cc79915e77b4a9a43986d48a32c1a7fd) Importer(815301076,1909f56bfc062723c751e8b465ee728b)  -> (artifact id: '34f33465fbe7906c403b30d10ee00c17') in 0.002420 seconds 
  Import took 0.006222 seconds .

========================================================================
Received Import Request.
  Time since last request: 0.673711 seconds.
  path: Assets/PolygonMiniFantasyCharacters/Scenes/Demo.unity
  artifactKey: Guid(326efdec5027d67438101c98fa0829b1) Importer(815301076,1909f56bfc062723c751e8b465ee728b)
Start importing Assets/PolygonMiniFantasyCharacters/Scenes/Demo.unity using Guid(326efdec5027d67438101c98fa0829b1) Importer(815301076,1909f56bfc062723c751e8b465ee728b)  -> (artifact id: 'bd6f1b1c6070b910c804da6f6e1b7c18') in 0.002912 seconds 
  Import took 0.007013 seconds .

========================================================================
Received Import Request.
  Time since last request: 9.764942 seconds.
  path: Assets/PolygonMini_Fantasy/Demo/Demo_Hex_Example.unity
  artifactKey: Guid(fd12050b8b20c7149865bcc337040f22) Importer(815301076,1909f56bfc062723c751e8b465ee728b)
Start importing Assets/PolygonMini_Fantasy/Demo/Demo_Hex_Example.unity using Guid(fd12050b8b20c7149865bcc337040f22) Importer(815301076,1909f56bfc062723c751e8b465ee728b)  -> (artifact id: 'da7a62077c5d4bf2b78bc506b7bffc55') in 0.008632 seconds 
  Import took 0.012542 seconds .

========================================================================
Received Import Request.
  Time since last request: 12.166624 seconds.
  path: Assets/PolygonMini_Fantasy/Demo/Demo_Hex_LevelSelect.unity
  artifactKey: Guid(8ebdf7c7396188342a6ad51d7e32f86a) Importer(815301076,1909f56bfc062723c751e8b465ee728b)
Start importing Assets/PolygonMini_Fantasy/Demo/Demo_Hex_LevelSelect.unity using Guid(8ebdf7c7396188342a6ad51d7e32f86a) Importer(815301076,1909f56bfc062723c751e8b465ee728b)  -> (artifact id: '85a5ccd9c3ef647b51ff2d97ee3a181b') in 0.006738 seconds 
  Import took 0.010287 seconds .

========================================================================
Received Import Request.
  Time since last request: 408.542712 seconds.
  path: Assets/PolygonDungeon/Prefabs
  artifactKey: Guid(d91d9ce3131fb464d912cda8b63bf00a) Importer(815301076,1909f56bfc062723c751e8b465ee728b)
Start importing Assets/PolygonDungeon/Prefabs using Guid(d91d9ce3131fb464d912cda8b63bf00a) Importer(815301076,1909f56bfc062723c751e8b465ee728b)  -> (artifact id: 'd6f17cb6b3a41aa0ad186ea16a9d4972') in 0.006807 seconds 
  Import took 0.010942 seconds .

========================================================================
Received Import Request.
  Time since last request: 1.552884 seconds.
  path: Assets/PolygonDungeon/Scenes/Overview.unity
  artifactKey: Guid(af9a4cb92e9f73243b46e64789af715a) Importer(815301076,1909f56bfc062723c751e8b465ee728b)
Start importing Assets/PolygonDungeon/Scenes/Overview.unity using Guid(af9a4cb92e9f73243b46e64789af715a) Importer(815301076,1909f56bfc062723c751e8b465ee728b)  -> (artifact id: '6381ed18ccd11d6be923cd57b2a4135d') in 0.006808 seconds 
  Import took 0.010782 seconds .

========================================================================
Received Import Request.
  Time since last request: 1039.550908 seconds.
  path: Assets/PolygonDungeon/Scenes/Demo.unity
  artifactKey: Guid(7dd3b3b67a8b56d4e8640fa6891eaf3b) Importer(815301076,1909f56bfc062723c751e8b465ee728b)
Start importing Assets/PolygonDungeon/Scenes/Demo.unity using Guid(7dd3b3b67a8b56d4e8640fa6891eaf3b) Importer(815301076,1909f56bfc062723c751e8b465ee728b)  -> (artifact id: 'eec0855f7d42ea81f60a80892b408fee') in 0.002766 seconds 
  Import took 0.007549 seconds .

========================================================================
Received Import Request.
  Time since last request: 10846.003094 seconds.
  path: Assets/PolygonDungeon/Prefabs/Characters
  artifactKey: Guid(11021db47c959d840ab4bc41d58d833b) Importer(815301076,1909f56bfc062723c751e8b465ee728b)
Start importing Assets/PolygonDungeon/Prefabs/Characters using Guid(11021db47c959d840ab4bc41d58d833b) Importer(815301076,1909f56bfc062723c751e8b465ee728b)  -> (artifact id: 'c7c9f14ffee3366a6aafe961abf0916c') in 0.007722 seconds 
  Import took 0.030177 seconds .

========================================================================
Received Import Request.
  Time since last request: 35.348879 seconds.
  path: Assets/PolygonDungeon/Materials
  artifactKey: Guid(5051cedbb2e43fc468534d9ddea0525f) Importer(815301076,1909f56bfc062723c751e8b465ee728b)
Start importing Assets/PolygonDungeon/Materials using Guid(5051cedbb2e43fc468534d9ddea0525f) Importer(815301076,1909f56bfc062723c751e8b465ee728b)  -> (artifact id: 'c8a1098efc73edeca6e1af2d11816525') in 0.009031 seconds 
  Import took 0.013213 seconds .

========================================================================
Received Import Request.
  Time since last request: 7.220972 seconds.
  path: Assets/PolygonDungeon/Prefabs/Characters/Character_Ghost_01.prefab
  artifactKey: Guid(99cdb7462838a6342bd2288456e75888) Importer(815301076,1909f56bfc062723c751e8b465ee728b)
Start importing Assets/PolygonDungeon/Prefabs/Characters/Character_Ghost_01.prefab using Guid(99cdb7462838a6342bd2288456e75888) Importer(815301076,1909f56bfc062723c751e8b465ee728b)  -> (artifact id: '62194e99b3e3be34b935db3cbae00132') in 0.330552 seconds 
  Import took 0.335751 seconds .

========================================================================
Received Import Request.
  Time since last request: 1.573435 seconds.
  path: Assets/PolygonDungeon/Prefabs/Characters/Character_Ghost_02.prefab
  artifactKey: Guid(5eb5272116a5d0548840121eb9bb813d) Importer(815301076,1909f56bfc062723c751e8b465ee728b)
Start importing Assets/PolygonDungeon/Prefabs/Characters/Character_Ghost_02.prefab using Guid(5eb5272116a5d0548840121eb9bb813d) Importer(815301076,1909f56bfc062723c751e8b465ee728b)  -> (artifact id: 'de6d447db50fac6bc77180bbe71d595c') in 0.032493 seconds 
  Import took 0.036778 seconds .

========================================================================
Received Import Request.
  Time since last request: 1.199662 seconds.
  path: Assets/PolygonDungeon/Prefabs/Characters/Character_Goblin_Female.prefab
  artifactKey: Guid(d48e97c38730e6d4a8a87d44d568bc50) Importer(815301076,1909f56bfc062723c751e8b465ee728b)
Start importing Assets/PolygonDungeon/Prefabs/Characters/Character_Goblin_Female.prefab using Guid(d48e97c38730e6d4a8a87d44d568bc50) Importer(815301076,1909f56bfc062723c751e8b465ee728b)  -> (artifact id: 'b4abc6a7dba389029442c5c0563755fb') in 0.025916 seconds 
  Import took 0.030247 seconds .

========================================================================
Received Import Request.
  Time since last request: 0.224630 seconds.
  path: Assets/PolygonDungeon/Prefabs/Characters/Character_Goblin_Male.prefab
  artifactKey: Guid(2ef59bc5d753ebe4490b708befe65999) Importer(815301076,1909f56bfc062723c751e8b465ee728b)
Start importing Assets/PolygonDungeon/Prefabs/Characters/Character_Goblin_Male.prefab using Guid(2ef59bc5d753ebe4490b708befe65999) Importer(815301076,1909f56bfc062723c751e8b465ee728b)  -> (artifact id: '711c74710428ffee5ce5d34a6d3d422c') in 0.019638 seconds 
  Import took 0.024037 seconds .

========================================================================
Received Import Request.
  Time since last request: 0.303155 seconds.
  path: Assets/PolygonDungeon/Prefabs/Characters/Character_Goblin_Shaman.prefab
  artifactKey: Guid(70ad07d06832dba42a3bb244ab822fd1) Importer(815301076,1909f56bfc062723c751e8b465ee728b)
Start importing Assets/PolygonDungeon/Prefabs/Characters/Character_Goblin_Shaman.prefab using Guid(70ad07d06832dba42a3bb244ab822fd1) Importer(815301076,1909f56bfc062723c751e8b465ee728b)  -> (artifact id: '822c0f576c64fee4f9c7b860d637099a') in 0.019865 seconds 
  Import took 0.024148 seconds .

========================================================================
Received Import Request.
  Time since last request: 0.157600 seconds.
  path: Assets/PolygonDungeon/Prefabs/Characters/Character_Goblin_WarChief.prefab
  artifactKey: Guid(388fa61abd880a549864058f895c8045) Importer(815301076,1909f56bfc062723c751e8b465ee728b)
Start importing Assets/PolygonDungeon/Prefabs/Characters/Character_Goblin_WarChief.prefab using Guid(388fa61abd880a549864058f895c8045) Importer(815301076,1909f56bfc062723c751e8b465ee728b)  -> (artifact id: 'd4b5b05341d3602ba95d988aa0a48387') in 0.020782 seconds 
  Import took 0.025603 seconds .

========================================================================
Received Import Request.
  Time since last request: 0.126600 seconds.
  path: Assets/PolygonDungeon/Prefabs/Characters/Character_Goblin_Warrior_Female.prefab
  artifactKey: Guid(9a6b87430c6b2684aa9c1d4616d38a60) Importer(815301076,1909f56bfc062723c751e8b465ee728b)
Start importing Assets/PolygonDungeon/Prefabs/Characters/Character_Goblin_Warrior_Female.prefab using Guid(9a6b87430c6b2684aa9c1d4616d38a60) Importer(815301076,1909f56bfc062723c751e8b465ee728b)  -> (artifact id: 'ba489da6ae423b2775c07145e92ae037') in 0.018973 seconds 
  Import took 0.023404 seconds .

========================================================================
Received Import Request.
  Time since last request: 0.385372 seconds.
  path: Assets/PolygonDungeon/Prefabs/Characters/Character_Goblin_Warrior_Male.prefab
  artifactKey: Guid(8cd752dc36d412b4bba2efd06775153a) Importer(815301076,1909f56bfc062723c751e8b465ee728b)
Start importing Assets/PolygonDungeon/Prefabs/Characters/Character_Goblin_Warrior_Male.prefab using Guid(8cd752dc36d412b4bba2efd06775153a) Importer(815301076,1909f56bfc062723c751e8b465ee728b)  -> (artifact id: 'efec3e3ab6281918b36286df87cf7eb0') in 0.018226 seconds 
  Import took 0.022735 seconds .

========================================================================
Received Import Request.
  Time since last request: 0.132192 seconds.
  path: Assets/PolygonDungeon/Prefabs/Characters/Character_Hero_Knight_Female.prefab
  artifactKey: Guid(11ffba29df14c054aa5a2695b18e9f59) Importer(815301076,1909f56bfc062723c751e8b465ee728b)
Start importing Assets/PolygonDungeon/Prefabs/Characters/Character_Hero_Knight_Female.prefab using Guid(11ffba29df14c054aa5a2695b18e9f59) Importer(815301076,1909f56bfc062723c751e8b465ee728b)  -> (artifact id: '6aa35fcaf9492f62066d4d77be80ed9a') in 0.018940 seconds 
  Import took 0.023440 seconds .

========================================================================
Received Import Request.
  Time since last request: 0.111609 seconds.
  path: Assets/PolygonDungeon/Prefabs/Characters/Character_Hero_Knight_Male.prefab
  artifactKey: Guid(880858dfd9b1e784e89d45242bf78d2b) Importer(815301076,1909f56bfc062723c751e8b465ee728b)
Start importing Assets/PolygonDungeon/Prefabs/Characters/Character_Hero_Knight_Male.prefab using Guid(880858dfd9b1e784e89d45242bf78d2b) Importer(815301076,1909f56bfc062723c751e8b465ee728b)  -> (artifact id: 'e880db045b5f22f6a976c08bacf9bb6c') in 0.012901 seconds 
  Import took 0.017642 seconds .

========================================================================
Received Import Request.
  Time since last request: 0.145088 seconds.
  path: Assets/PolygonDungeon/Prefabs/Characters/Character_Rock_Golem.prefab
  artifactKey: Guid(10f9cee6cfdd7df43a5d805acd44763f) Importer(815301076,1909f56bfc062723c751e8b465ee728b)
Start importing Assets/PolygonDungeon/Prefabs/Characters/Character_Rock_Golem.prefab using Guid(10f9cee6cfdd7df43a5d805acd44763f) Importer(815301076,1909f56bfc062723c751e8b465ee728b)  -> (artifact id: '8c0e563b34906af96cf4fe995124c6d2') in 0.018610 seconds 
  Import took 0.023089 seconds .

========================================================================
Received Import Request.
  Time since last request: 0.751709 seconds.
  path: Assets/PolygonDungeon/Prefabs/Characters/Character_Skeleton_Knight.prefab
  artifactKey: Guid(616cc160fcb3b124b8e0fc587258594b) Importer(815301076,1909f56bfc062723c751e8b465ee728b)
Start importing Assets/PolygonDungeon/Prefabs/Characters/Character_Skeleton_Knight.prefab using Guid(616cc160fcb3b124b8e0fc587258594b) Importer(815301076,1909f56bfc062723c751e8b465ee728b)  -> (artifact id: '5f997cd39028b0cd487250e4001f1e88') in 0.020382 seconds 
  Import took 0.025520 seconds .

========================================================================
Received Import Request.
  Time since last request: 0.150199 seconds.
  path: Assets/PolygonDungeon/Prefabs/Characters/Character_Skeleton_Slave_01.prefab
  artifactKey: Guid(659981ab97d9bb64990767ef5f931f7c) Importer(815301076,1909f56bfc062723c751e8b465ee728b)
Start importing Assets/PolygonDungeon/Prefabs/Characters/Character_Skeleton_Slave_01.prefab using Guid(659981ab97d9bb64990767ef5f931f7c) Importer(815301076,1909f56bfc062723c751e8b465ee728b)  -> (artifact id: 'b1f85522fd7c13cdc97ae538e63cb8ec') in 0.020499 seconds 
  Import took 0.025578 seconds .

========================================================================
Received Import Request.
  Time since last request: 0.124348 seconds.
  path: Assets/PolygonDungeon/Prefabs/Characters/Character_Skeleton_Soldier_01.prefab
  artifactKey: Guid(2ea27af6ead886c4d93bb53d28c6c25b) Importer(815301076,1909f56bfc062723c751e8b465ee728b)
Start importing Assets/PolygonDungeon/Prefabs/Characters/Character_Skeleton_Soldier_01.prefab using Guid(2ea27af6ead886c4d93bb53d28c6c25b) Importer(815301076,1909f56bfc062723c751e8b465ee728b)  -> (artifact id: 'c40e121f10eaece799d2886164b4c673') in 0.019370 seconds 
  Import took 0.023731 seconds .

========================================================================
Received Import Request.
  Time since last request: 0.178240 seconds.
  path: Assets/PolygonDungeon/Prefabs/Characters/Character_Skeleton_Soldier_02.prefab
  artifactKey: Guid(c26833473ce06df4ba5631fd7a4b98bc) Importer(815301076,1909f56bfc062723c751e8b465ee728b)
Start importing Assets/PolygonDungeon/Prefabs/Characters/Character_Skeleton_Soldier_02.prefab using Guid(c26833473ce06df4ba5631fd7a4b98bc) Importer(815301076,1909f56bfc062723c751e8b465ee728b)  -> (artifact id: '7d5c24a120a0fdb4ed3bd4e9aa044abb') in 0.018974 seconds 
  Import took 0.023977 seconds .

========================================================================
Received Import Request.
  Time since last request: 0.932797 seconds.
  path: Assets/PolygonDungeon/Prefabs/Characters/Character_Tormented_Soul.prefab
  artifactKey: Guid(b0297681c8568974da8dc86f4cdc853c) Importer(815301076,1909f56bfc062723c751e8b465ee728b)
Start importing Assets/PolygonDungeon/Prefabs/Characters/Character_Tormented_Soul.prefab using Guid(b0297681c8568974da8dc86f4cdc853c) Importer(815301076,1909f56bfc062723c751e8b465ee728b)  -> (artifact id: '8b7231052186fd6174c555836f99dc72') in 0.020099 seconds 
  Import took 0.025484 seconds .

========================================================================
Received Prepare
Registering precompiled user dll's ...
Registered in 0.002596 seconds.
Begin MonoManager ReloadAssembly
Native extension for WindowsStandalone target not found
Native extension for WebGL target not found
Refreshing native plugins compatible for Editor in 0.83 ms, found 2 plugins.
Preloading 0 native plugins for Editor in 0.00 ms.
Mono: successfully reloaded assembly
- Completed reload, in  0.807 seconds
Domain Reload Profiling:
	ReloadAssembly (807ms)
		BeginReloadAssembly (157ms)
			ExecutionOrderSort (0ms)
			DisableScriptedObjects (7ms)
			BackupInstance (0ms)
			ReleaseScriptingObjects (0ms)
			CreateAndSetChildDomain (78ms)
		EndReloadAssembly (608ms)
			LoadAssemblies (76ms)
			RebuildTransferFunctionScriptingTraits (0ms)
			SetupTypeCache (226ms)
			ReleaseScriptCaches (1ms)
			RebuildScriptCaches (26ms)
			SetupLoadedEditorAssemblies (203ms)
				LogAssemblyErrors (0ms)
				InitializePlatformSupportModulesInManaged (3ms)
				SetLoadedEditorAssemblies (0ms)
				RefreshPlugins (1ms)
				BeforeProcessingInitializeOnLoad (60ms)
				ProcessInitializeOnLoadAttributes (129ms)
				ProcessInitializeOnLoadMethodAttributes (6ms)
				AfterProcessingInitializeOnLoad (3ms)
				EditorAssembliesLoaded (0ms)
			ExecutionOrderSort2 (0ms)
			AwakeInstancesAfterBackupRestoration (11ms)
Platform modules already initialized, skipping
Switching render pipeline 00000000000000000000000000000000 -> 23cf53d3aba626d4ab141a330b8f9a63
Refreshing native plugins compatible for Editor in 0.78 ms, found 2 plugins.
Preloading 0 native plugins for Editor in 0.00 ms.
Unloading 2732 Unused Serialized files (Serialized files now loaded: 0)
System memory in use before: 146.6 MB.
System memory in use after: 143.8 MB.

Unloading 47 unused Assets to reduce memory usage. Loaded Objects now: 3264.
Total: 3.916800 ms (FindLiveObjects: 0.214100 ms CreateObjectMapping: 0.087200 ms MarkObjects: 2.436200 ms  DeleteObjects: 1.178500 ms)

AssetImportParameters requested are different than current active one (requested -> active):
  custom:framework-win-MediaFoundation: 216162199b28c13a410421893ffa2e32 -> 
  custom:video-decoder-ogg-theora: a1e56fd34408186e4bbccfd4996cb3dc -> 
  custom:container-muxer-webm: aa71ff27fc2769a1b78a27578f13a17b -> 
  custom:container-demuxer-webm: 4f35f7cbe854078d1ac9338744f61a02 -> 
  custom:container-demuxer-ogg: 62fdf1f143b41e24485cea50d1cbac27 -> 
  custom:video-encoder-webm-vp8: eb34c28f22e8b96e1ab97ce403110664 -> 
  custom:video-decoder-webm-vp8: 9c59270c3fd7afecdb556c50c9e8de78 -> 
  custom:audio-decoder-ogg-vorbis: bf7c407c2cedff20999df2af8eb42d56 -> 
  custom:audio-encoder-webm-vorbis: bf7c407c2cedff20999df2af8eb42d56 -> 
AssetImportWorkerClient::OnTransportError - code=2 error=End of file
