Using pre-set license
Built from '2020.3/staging' branch; Version is '2020.3.28f1 (f5400f52e03f) revision 16072719'; Using compiler version '192528614'; Build Type 'Release'
OS: 'Windows 11  (10.0.22000) 64bit Professional' Language: 'en' Physical Memory: 32696 MB
BatchMode: 1, IsHumanControllingUs: 0, StartBugReporterOnCrash: 0, Is64bit: 1, IsPro: 0

COMMAND LINE ARGUMENTS:
C:\Program Files\Unity\Hub\Editor\2020.3.28f1\Editor\Unity.exe
-adb2
-batchMode
-noUpm
-name
AssetImportWorker0
-projectPath
C:/Users/Peyton/Documents/Projects/school/holbertonschool-unity/0x0D-unity-shadergraph
-logFile
Logs/AssetImportWorker0.log
-srvPort
58904
Successfully changed project path to: C:/Users/Peyton/Documents/Projects/school/holbertonschool-unity/0x0D-unity-shadergraph
C:/Users/Peyton/Documents/Projects/school/holbertonschool-unity/0x0D-unity-shadergraph
Using Asset Import Pipeline V2.
Refreshing native plugins compatible for Editor in 32.67 ms, found 2 plugins.
Preloading 0 native plugins for Editor in 0.00 ms.
Initialize engine version: 2020.3.28f1 (f5400f52e03f)
[Subsystems] Discovering subsystems at path C:/Program Files/Unity/Hub/Editor/2020.3.28f1/Editor/Data/Resources/UnitySubsystems
[Subsystems] Discovering subsystems at path C:/Users/Peyton/Documents/Projects/school/holbertonschool-unity/0x0D-unity-shadergraph/Assets
GfxDevice: creating device client; threaded=0
Direct3D:
    Version:  Direct3D 11.0 [level 11.1]
    Renderer: NVIDIA GeForce RTX 3080 (ID=0x2206)
    Vendor:   
    VRAM:     10078 MB
    Driver:   30.0.15.1179
Initialize mono
Mono path[0] = 'C:/Program Files/Unity/Hub/Editor/2020.3.28f1/Editor/Data/Managed'
Mono path[1] = 'C:/Program Files/Unity/Hub/Editor/2020.3.28f1/Editor/Data/MonoBleedingEdge/lib/mono/unityjit'
Mono config path = 'C:/Program Files/Unity/Hub/Editor/2020.3.28f1/Editor/Data/MonoBleedingEdge/etc'
Using monoOptions --debugger-agent=transport=dt_socket,embedding=1,server=y,suspend=n,address=127.0.0.1:56004
Begin MonoManager ReloadAssembly
Registering precompiled unity dll's ...
Register platform support module: C:/Program Files/Unity/Hub/Editor/2020.3.28f1/Editor/Data/PlaybackEngines/WebGLSupport/UnityEditor.WebGL.Extensions.dll
Register platform support module: C:/Program Files/Unity/Hub/Editor/2020.3.28f1/Editor/Data/PlaybackEngines/WindowsStandaloneSupport/UnityEditor.WindowsStandalone.Extensions.dll
Registered in 0.001141 seconds.
Native extension for WindowsStandalone target not found
Native extension for WebGL target not found
Refreshing native plugins compatible for Editor in 34.02 ms, found 2 plugins.
Preloading 0 native plugins for Editor in 0.00 ms.
Mono: successfully reloaded assembly
- Completed reload, in  0.360 seconds
Domain Reload Profiling:
	ReloadAssembly (360ms)
		BeginReloadAssembly (37ms)
			ExecutionOrderSort (0ms)
			DisableScriptedObjects (0ms)
			BackupInstance (0ms)
			ReleaseScriptingObjects (0ms)
			CreateAndSetChildDomain (0ms)
		EndReloadAssembly (281ms)
			LoadAssemblies (36ms)
			RebuildTransferFunctionScriptingTraits (0ms)
			SetupTypeCache (84ms)
			ReleaseScriptCaches (0ms)
			RebuildScriptCaches (17ms)
			SetupLoadedEditorAssemblies (117ms)
				LogAssemblyErrors (0ms)
				InitializePlatformSupportModulesInManaged (3ms)
				SetLoadedEditorAssemblies (0ms)
				RefreshPlugins (34ms)
				BeforeProcessingInitializeOnLoad (10ms)
				ProcessInitializeOnLoadAttributes (53ms)
				ProcessInitializeOnLoadMethodAttributes (16ms)
				AfterProcessingInitializeOnLoad (0ms)
				EditorAssembliesLoaded (0ms)
			ExecutionOrderSort2 (0ms)
			AwakeInstancesAfterBackupRestoration (0ms)
Platform modules already initialized, skipping
Registering precompiled user dll's ...
Registered in 0.002691 seconds.
Begin MonoManager ReloadAssembly
Native extension for WindowsStandalone target not found
Native extension for WebGL target not found
Refreshing native plugins compatible for Editor in 33.79 ms, found 2 plugins.
Preloading 0 native plugins for Editor in 0.00 ms.
Mono: successfully reloaded assembly
- Completed reload, in  0.679 seconds
Domain Reload Profiling:
	ReloadAssembly (679ms)
		BeginReloadAssembly (89ms)
			ExecutionOrderSort (0ms)
			DisableScriptedObjects (3ms)
			BackupInstance (0ms)
			ReleaseScriptingObjects (0ms)
			CreateAndSetChildDomain (14ms)
		EndReloadAssembly (554ms)
			LoadAssemblies (58ms)
			RebuildTransferFunctionScriptingTraits (0ms)
			SetupTypeCache (180ms)
			ReleaseScriptCaches (0ms)
			RebuildScriptCaches (27ms)
			SetupLoadedEditorAssemblies (219ms)
				LogAssemblyErrors (0ms)
				InitializePlatformSupportModulesInManaged (3ms)
				SetLoadedEditorAssemblies (0ms)
				RefreshPlugins (34ms)
				BeforeProcessingInitializeOnLoad (56ms)
				ProcessInitializeOnLoadAttributes (118ms)
				ProcessInitializeOnLoadMethodAttributes (6ms)
				AfterProcessingInitializeOnLoad (3ms)
				EditorAssembliesLoaded (0ms)
			ExecutionOrderSort2 (0ms)
			AwakeInstancesAfterBackupRestoration (4ms)
Platform modules already initialized, skipping
========================================================================
Worker process is ready to serve import requests
Launched and connected shader compiler UnityShaderCompiler.exe after 0.03 seconds
Refreshing native plugins compatible for Editor in 0.47 ms, found 2 plugins.
Preloading 0 native plugins for Editor in 0.00 ms.
Unloading 2820 Unused Serialized files (Serialized files now loaded: 0)
System memory in use before: 130.3 MB.
System memory in use after: 130.4 MB.

Unloading 20 unused Assets to reduce memory usage. Loaded Objects now: 3254.
Total: 2.375300 ms (FindLiveObjects: 0.172600 ms CreateObjectMapping: 0.074500 ms MarkObjects: 2.065700 ms  DeleteObjects: 0.061800 ms)

AssetImportParameters requested are different than current active one (requested -> active):
  custom:framework-win-MediaFoundation: 216162199b28c13a410421893ffa2e32 -> 
  custom:video-decoder-ogg-theora: a1e56fd34408186e4bbccfd4996cb3dc -> 
  custom:container-muxer-webm: aa71ff27fc2769a1b78a27578f13a17b -> 
  custom:container-demuxer-webm: 4f35f7cbe854078d1ac9338744f61a02 -> 
  custom:container-demuxer-ogg: 62fdf1f143b41e24485cea50d1cbac27 -> 
  custom:video-encoder-webm-vp8: eb34c28f22e8b96e1ab97ce403110664 -> 
  custom:video-decoder-webm-vp8: 9c59270c3fd7afecdb556c50c9e8de78 -> 
  custom:audio-decoder-ogg-vorbis: bf7c407c2cedff20999df2af8eb42d56 -> 
  custom:audio-encoder-webm-vorbis: bf7c407c2cedff20999df2af8eb42d56 -> 
========================================================================
Received Import Request.
  path: Assets/Package
  artifactKey: Guid(b204036f987b3e847afb4008eb8550dc) Importer(815301076,1909f56bfc062723c751e8b465ee728b)
Start importing Assets/Package using Guid(b204036f987b3e847afb4008eb8550dc) Importer(815301076,1909f56bfc062723c751e8b465ee728b)  -> (artifact id: 'aa7e351f965a0d5bb4c9b6691bf5780e') in 0.008512 seconds 
  Import took 0.011242 seconds .

========================================================================
Received Import Request.
  Time since last request: 9.279414 seconds.
  path: Assets/Package/Materials
  artifactKey: Guid(10fb6ca8a2b5abe429998d350bbf9e26) Importer(815301076,1909f56bfc062723c751e8b465ee728b)
Start importing Assets/Package/Materials using Guid(10fb6ca8a2b5abe429998d350bbf9e26) Importer(815301076,1909f56bfc062723c751e8b465ee728b)  -> (artifact id: 'd093b304d299adf4ec61af279e4b7d93') in 0.012815 seconds 
  Import took 0.018706 seconds .

========================================================================
Received Import Request.
  Time since last request: 4.917961 seconds.
  path: Assets/Package/Shaders
  artifactKey: Guid(e2bda86b3dc48504488cfd9285a8ee53) Importer(815301076,1909f56bfc062723c751e8b465ee728b)
Start importing Assets/Package/Shaders using Guid(e2bda86b3dc48504488cfd9285a8ee53) Importer(815301076,1909f56bfc062723c751e8b465ee728b)  -> (artifact id: '71d8decd10f89ece3512ea60591d713c') in 0.005752 seconds 
  Import took 0.009468 seconds .

========================================================================
Received Import Request.
  Time since last request: 5.414926 seconds.
  path: Assets/Package/Textures
  artifactKey: Guid(f0a3d8217fe146744b8e10b8e541e5c8) Importer(815301076,1909f56bfc062723c751e8b465ee728b)
Start importing Assets/Package/Textures using Guid(f0a3d8217fe146744b8e10b8e541e5c8) Importer(815301076,1909f56bfc062723c751e8b465ee728b)  -> (artifact id: '3bce7880b30776f06fdf21724435ca1d') in 0.005743 seconds 
  Import took 0.009494 seconds .

========================================================================
Received Import Request.
  Time since last request: 25.783907 seconds.
  path: Assets/disintegrate 1.mat
  artifactKey: Guid(0bf55f4354d414745a5fb6275d41eaa9) Importer(815301076,1909f56bfc062723c751e8b465ee728b)
Start importing Assets/disintegrate 1.mat using Guid(0bf55f4354d414745a5fb6275d41eaa9) Importer(815301076,1909f56bfc062723c751e8b465ee728b)  -> (artifact id: '22f787426a0e938ea9b4613e13fac585') in 0.149129 seconds 
  Import took 0.152655 seconds .

========================================================================
Received Import Request.
  Time since last request: 0.000134 seconds.
  path: Assets/glow 1.mat
  artifactKey: Guid(76596ae8485fc4e4499cea6a72c0e517) Importer(815301076,1909f56bfc062723c751e8b465ee728b)
Start importing Assets/glow 1.mat using Guid(76596ae8485fc4e4499cea6a72c0e517) Importer(815301076,1909f56bfc062723c751e8b465ee728b)  -> (artifact id: '98a2279a7d3646a1aeb9a1a4bee9c134') in 0.010121 seconds 
  Import took 0.012857 seconds .

========================================================================
Received Import Request.
  Time since last request: 0.000130 seconds.
  path: Assets/hologram 1.mat
  artifactKey: Guid(2dcbde007b2f1a14b93088458392d11e) Importer(815301076,1909f56bfc062723c751e8b465ee728b)
Start importing Assets/hologram 1.mat using Guid(2dcbde007b2f1a14b93088458392d11e) Importer(815301076,1909f56bfc062723c751e8b465ee728b)  -> (artifact id: '9ed686665ec4af5922709d38a0df7fbe') in 0.011163 seconds 
  Import took 0.014042 seconds .

========================================================================
Received Import Request.
  Time since last request: 0.000174 seconds.
  path: Assets/ice 1.mat
  artifactKey: Guid(f7223d91e47ed7b4696380817a106e65) Importer(815301076,1909f56bfc062723c751e8b465ee728b)
Start importing Assets/ice 1.mat using Guid(f7223d91e47ed7b4696380817a106e65) Importer(815301076,1909f56bfc062723c751e8b465ee728b)  -> (artifact id: '455d78953641ec865371571df5d1b907') in 0.009804 seconds 
  Import took 0.013013 seconds .

========================================================================
Received Import Request.
  Time since last request: 0.000133 seconds.
  path: Assets/water 1.mat
  artifactKey: Guid(1ebb1cff5c7b979438acf796e2a8f302) Importer(815301076,1909f56bfc062723c751e8b465ee728b)
Start importing Assets/water 1.mat using Guid(1ebb1cff5c7b979438acf796e2a8f302) Importer(815301076,1909f56bfc062723c751e8b465ee728b)  -> (artifact id: '6aec7bab5bbf7666bdab22d826c17f81') in 0.010641 seconds 
  Import took 0.014045 seconds .

========================================================================
Received Import Request.
  Time since last request: 52.067595 seconds.
  path: Assets/disintegrate.shadergraph
  artifactKey: Guid(a355a4630e426b443bfa8cbafc8c0c2e) Importer(815301076,1909f56bfc062723c751e8b465ee728b)
Start importing Assets/disintegrate.shadergraph using Guid(a355a4630e426b443bfa8cbafc8c0c2e) Importer(815301076,1909f56bfc062723c751e8b465ee728b)  -> (artifact id: '1d8fb8d531b211b5a2bd4d931ea6d374') in 0.003661 seconds 
  Import took 0.006935 seconds .

========================================================================
Received Import Request.
  Time since last request: 0.907021 seconds.
  path: Assets/glow_animated.shadergraph
  artifactKey: Guid(7510bbb5401ebae46b23e8bccff428cf) Importer(815301076,1909f56bfc062723c751e8b465ee728b)
Start importing Assets/glow_animated.shadergraph using Guid(7510bbb5401ebae46b23e8bccff428cf) Importer(815301076,1909f56bfc062723c751e8b465ee728b)  -> (artifact id: 'a91f63ec07b0206d35e6cfc9339d996e') in 0.005841 seconds 
  Import took 0.009139 seconds .

========================================================================
Received Import Request.
  Time since last request: 51.921358 seconds.
  path: Assets/Package/Shaders/water.shadergraph
  artifactKey: Guid(ba649f7f29a5e074f9444db949010cf3) Importer(815301076,1909f56bfc062723c751e8b465ee728b)
Start importing Assets/Package/Shaders/water.shadergraph using Guid(ba649f7f29a5e074f9444db949010cf3) Importer(815301076,1909f56bfc062723c751e8b465ee728b)  -> (artifact id: '8fa9931ad6746c329a1a8d6b68a8d0de') in 0.004678 seconds 
  Import took 0.008140 seconds .

========================================================================
Received Import Request.
  Time since last request: 0.011881 seconds.
  path: Assets/Package/Shaders/hologram.shadergraph
  artifactKey: Guid(5fa72c4d378a72c469e1d1c247e9fc56) Importer(815301076,1909f56bfc062723c751e8b465ee728b)
Start importing Assets/Package/Shaders/hologram.shadergraph using Guid(5fa72c4d378a72c469e1d1c247e9fc56) Importer(815301076,1909f56bfc062723c751e8b465ee728b)  -> (artifact id: 'd025e1f85a61f0215df76343d84b1f02') in 0.004378 seconds 
  Import took 0.007463 seconds .

